# JRE version: OpenJDK Runtime Environment (8.0_152-b01) (build 1.8.0_152-release-1343-b01)
# Java VM: OpenJDK 64-Bit Server VM (25.152-b01 mixed mode windows-amd64 compressed oops)
Heap:
 PSYoungGen      total 245248K, used 46914K [0x00000000e0000000, 0x00000000f4980000, 0x0000000100000000)
  eden space 174592K, 26% used [0x00000000e0000000,0x00000000e2dd0b88,0x00000000eaa80000)
  from space 70656K, 0% used [0x00000000eaa80000,0x00000000eaa80000,0x00000000eef80000)
  to   space 53760K, 0% used [0x00000000eef80000,0x00000000eef80000,0x00000000f2400000)
 ParOldGen       total 142848K, used 58460K [0x00000000a0000000, 0x00000000a8b80000, 0x00000000e0000000)
  object space 142848K, 40% used [0x00000000a0000000,0x00000000a3917160,0x00000000a8b80000)
 Metaspace       used 95871K, capacity 98255K, committed 98600K, reserved 1136640K
  class space    used 11361K, capacity 11990K, committed 12208K, reserved 1048576K
GC Heap History (10 events):
Event: 2074.902 GC heap before
{Heap before GC invocations=24 (full 4):
 PSYoungGen      total 193536K, used 193489K [0x00000000e0000000, 0x00000000ef980000, 0x0000000100000000)
  eden space 172544K, 100% used [0x00000000e0000000,0x00000000ea880000,0x00000000ea880000)
  from space 20992K, 99% used [0x00000000eb100000,0x00000000ec574410,0x00000000ec580000)
  to   space 41472K, 0% used [0x00000000ed100000,0x00000000ed100000,0x00000000ef980000)
 ParOldGen       total 142848K, used 64747K [0x00000000a0000000, 0x00000000a8b80000, 0x00000000e0000000)
  object space 142848K, 45% used [0x00000000a0000000,0x00000000a3f3acc8,0x00000000a8b80000)
 Metaspace       used 91204K, capacity 93647K, committed 93736K, reserved 1132544K
  class space    used 10861K, capacity 11514K, committed 11568K, reserved 1048576K
Event: 2074.920 GC heap after
Heap after GC invocations=24 (full 4):
 PSYoungGen      total 203776K, used 26947K [0x00000000e0000000, 0x00000000ef500000, 0x0000000100000000)
  eden space 166912K, 0% used [0x00000000e0000000,0x00000000e0000000,0x00000000ea300000)
  from space 36864K, 73% used [0x00000000ed100000,0x00000000eeb50ec0,0x00000000ef500000)
  to   space 41984K, 0% used [0x00000000ea300000,0x00000000ea300000,0x00000000ecc00000)
 ParOldGen       total 142848K, used 64755K [0x00000000a0000000, 0x00000000a8b80000, 0x00000000e0000000)
  object space 142848K, 45% used [0x00000000a0000000,0x00000000a3f3ccc8,0x00000000a8b80000)
 Metaspace       used 91204K, capacity 93647K, committed 93736K, reserved 1132544K
  class space    used 10861K, capacity 11514K, committed 11568K, reserved 1048576K
}
Event: 2075.983 GC heap before
{Heap before GC invocations=25 (full 4):
 PSYoungGen      total 203776K, used 193859K [0x00000000e0000000, 0x00000000ef500000, 0x0000000100000000)
  eden space 166912K, 100% used [0x00000000e0000000,0x00000000ea300000,0x00000000ea300000)
  from space 36864K, 73% used [0x00000000ed100000,0x00000000eeb50ec0,0x00000000ef500000)
  to   space 41984K, 0% used [0x00000000ea300000,0x00000000ea300000,0x00000000ecc00000)
 ParOldGen       total 142848K, used 64755K [0x00000000a0000000, 0x00000000a8b80000, 0x00000000e0000000)
  object space 142848K, 45% used [0x00000000a0000000,0x00000000a3f3ccc8,0x00000000a8b80000)
 Metaspace       used 92255K, capacity 94831K, committed 95144K, reserved 1132544K
  class space    used 10972K, capacity 11634K, committed 11696K, reserved 1048576K
Event: 2076.015 GC heap after
Heap after GC invocations=25 (full 4):
 PSYoungGen      total 208896K, used 41969K [0x00000000e0000000, 0x00000000f2400000, 0x0000000100000000)
  eden space 166912K, 0% used [0x00000000e0000000,0x00000000e0000000,0x00000000ea300000)
  from space 41984K, 99% used [0x00000000ea300000,0x00000000ecbfc6c0,0x00000000ecc00000)
  to   space 53760K, 0% used [0x00000000eef80000,0x00000000eef80000,0x00000000f2400000)
 ParOldGen       total 142848K, used 81601K [0x00000000a0000000, 0x00000000a8b80000, 0x00000000e0000000)
  object space 142848K, 57% used [0x00000000a0000000,0x00000000a4fb0660,0x00000000a8b80000)
 Metaspace       used 92255K, capacity 94831K, committed 95144K, reserved 1132544K
  class space    used 10972K, capacity 11634K, committed 11696K, reserved 1048576K
}
Event: 2078.309 GC heap before
{Heap before GC invocations=26 (full 4):
 PSYoungGen      total 208896K, used 208881K [0x00000000e0000000, 0x00000000f2400000, 0x0000000100000000)
  eden space 166912K, 100% used [0x00000000e0000000,0x00000000ea300000,0x00000000ea300000)
  from space 41984K, 99% used [0x00000000ea300000,0x00000000ecbfc6c0,0x00000000ecc00000)
  to   space 53760K, 0% used [0x00000000eef80000,0x00000000eef80000,0x00000000f2400000)
 ParOldGen       total 142848K, used 81601K [0x00000000a0000000, 0x00000000a8b80000, 0x00000000e0000000)
  object space 142848K, 57% used [0x00000000a0000000,0x00000000a4fb0660,0x00000000a8b80000)
 Metaspace       used 93680K, capacity 96349K, committed 96680K, reserved 1134592K
  class space    used 11119K, capacity 11843K, committed 11952K, reserved 1048576K
Event: 2078.368 GC heap after
Heap after GC invocations=26 (full 4):
 PSYoungGen      total 228352K, used 53740K [0x00000000e0000000, 0x00000000f4980000, 0x0000000100000000)
  eden space 174592K, 0% used [0x00000000e0000000,0x00000000e0000000,0x00000000eaa80000)
  from space 53760K, 99% used [0x00000000eef80000,0x00000000f23fb368,0x00000000f2400000)
  to   space 70656K, 0% used [0x00000000eaa80000,0x00000000eaa80000,0x00000000eef80000)
 ParOldGen       total 142848K, used 106492K [0x00000000a0000000, 0x00000000a8b80000, 0x00000000e0000000)
  object space 142848K, 74% used [0x00000000a0000000,0x00000000a67ff180,0x00000000a8b80000)
 Metaspace       used 93680K, capacity 96349K, committed 96680K, reserved 1134592K
  class space    used 11119K, capacity 11843K, committed 11952K, reserved 1048576K
}
Event: 2078.602 GC heap before
{Heap before GC invocations=27 (full 4):
 PSYoungGen      total 228352K, used 75429K [0x00000000e0000000, 0x00000000f4980000, 0x0000000100000000)
  eden space 174592K, 12% used [0x00000000e0000000,0x00000000e152e430,0x00000000eaa80000)
  from space 53760K, 99% used [0x00000000eef80000,0x00000000f23fb368,0x00000000f2400000)
  to   space 70656K, 0% used [0x00000000eaa80000,0x00000000eaa80000,0x00000000eef80000)
 ParOldGen       total 142848K, used 106492K [0x00000000a0000000, 0x00000000a8b80000, 0x00000000e0000000)
  object space 142848K, 74% used [0x00000000a0000000,0x00000000a67ff180,0x00000000a8b80000)
 Metaspace       used 95785K, capacity 98461K, committed 98600K, reserved 1136640K
  class space    used 11383K, capacity 12099K, committed 12208K, reserved 1048576K
Event: 2078.631 GC heap after
Heap after GC invocations=27 (full 4):
 PSYoungGen      total 245248K, used 56387K [0x00000000e0000000, 0x00000000f4980000, 0x0000000100000000)
  eden space 174592K, 0% used [0x00000000e0000000,0x00000000e0000000,0x00000000eaa80000)
  from space 70656K, 79% used [0x00000000eaa80000,0x00000000ee190eb0,0x00000000eef80000)
  to   space 53760K, 0% used [0x00000000eef80000,0x00000000eef80000,0x00000000f2400000)
 ParOldGen       total 142848K, used 108815K [0x00000000a0000000, 0x00000000a8b80000, 0x00000000e0000000)
  object space 142848K, 76% used [0x00000000a0000000,0x00000000a6a43f98,0x00000000a8b80000)
 Metaspace       used 95785K, capacity 98461K, committed 98600K, reserved 1136640K
  class space    used 11383K, capacity 12099K, committed 12208K, reserved 1048576K
}
Event: 2078.631 GC heap before
{Heap before GC invocations=28 (full 5):
 PSYoungGen      total 245248K, used 56387K [0x00000000e0000000, 0x00000000f4980000, 0x0000000100000000)
  eden space 174592K, 0% used [0x00000000e0000000,0x00000000e0000000,0x00000000eaa80000)
  from space 70656K, 79% used [0x00000000eaa80000,0x00000000ee190eb0,0x00000000eef80000)
  to   space 53760K, 0% used [0x00000000eef80000,0x00000000eef80000,0x00000000f2400000)
 ParOldGen       total 142848K, used 108815K [0x00000000a0000000, 0x00000000a8b80000, 0x00000000e0000000)
  object space 142848K, 76% used [0x00000000a0000000,0x00000000a6a43f98,0x00000000a8b80000)
 Metaspace       used 95785K, capacity 98461K, committed 98600K, reserved 1136640K
  class space    used 11383K, capacity 12099K, committed 12208K, reserved 1048576K
Event: 2078.838 GC heap after
Heap after GC invocations=28 (full 5):
 PSYoungGen      total 245248K, used 0K [0x00000000e0000000, 0x00000000f4980000, 0x0000000100000000)
  eden space 174592K, 0% used [0x00000000e0000000,0x00000000e0000000,0x00000000eaa80000)
  from space 70656K, 0% used [0x00000000eaa80000,0x00000000eaa80000,0x00000000eef80000)
  to   space 53760K, 0% used [0x00000000eef80000,0x00000000eef80000,0x00000000f2400000)
 ParOldGen       total 142848K, used 58460K [0x00000000a0000000, 0x00000000a8b80000, 0x00000000e0000000)
  object space 142848K, 40% used [0x00000000a0000000,0x00000000a3917160,0x00000000a8b80000)
 Metaspace       used 92676K, capacity 95055K, committed 98600K, reserved 1136640K
  class space    used 10980K, capacity 11606K, committed 12208K, reserved 1048576K
}

